#
# There is insufficient memory for the Java Runtime Environment to continue.
# Native memory allocation (malloc) failed to allocate 1005136 bytes for Chunk::new
# Possible reasons:
#   The system is out of physical RAM or swap space
#   The process is running with CompressedOops enabled, and the Java Heap may be blocking the growth of the native heap
# Possible solutions:
#   Reduce memory load on the system
#   Increase physical memory or swap space
#   Check if swap backing store is full
#   Decrease Java heap size (-Xmx/-Xms)
#   Decrease number of Java threads
#   Decrease Java thread stack sizes (-Xss)
#   Set larger code cache with -XX:ReservedCodeCacheSize=
#   JVM is running with Unscaled Compressed Oops mode in which the Java heap is
#     placed in the first 4GB address space. The Java Heap base address is the
#     maximum limit for the native heap growth. Please use -XX:HeapBaseMinAddress
#     to set the Java Heap base and to place the Java Heap above 4GB virtual address.
# This output file may be truncated or incomplete.
#
#  Out of Memory Error (arena.cpp:195), pid=16364, tid=21048
#
# JRE version: Java(TM) SE Runtime Environment (16.0.2+7) (build 16.0.2+7-67)
# Java VM: Java HotSpot(TM) 64-Bit Server VM (16.0.2+7-67, mixed mode, sharing, tiered, compressed oops, compressed class ptrs, g1 gc, windows-amd64)
# No core dump will be written. Minidumps are not enabled by default on client versions of Windows
#

---------------  S U M M A R Y ------------

Command Line: -javaagent:C:\Program Files\IDEs\ideaIC-2021.1.3\lib\idea_rt.jar=64024:C:\Program Files\IDEs\ideaIC-2021.1.3\bin -Dfile.encoding=UTF-8 com.majorProject.HonestExam.HonestExamApplication

Host: AMD Ryzen 5 4600H with Radeon Graphics         , 12 cores, 7G,  Windows 10 , 64 bit Build 19041 (10.0.19041.1566)
Time: Thu Apr 14 01:50:49 2022 India Standard Time elapsed time: 4348.058266 seconds (0d 1h 12m 28s)

---------------  T H R E A D  ---------------

Current thread (0x000002035d9e1070):  JavaThread "C2 CompilerThread0" daemon [_thread_in_native, id=21048, stack(0x000000ec08b00000,0x000000ec08c00000)]


Current CompileTask:
C2:4348058 8814   !   4       org.apache.catalina.connector.CoyoteAdapter::postParseRequest (1106 bytes)

Stack: [0x000000ec08b00000,0x000000ec08c00000]
Native frames: (J=compiled Java code, j=interpreted, Vv=VM code, C=native code)
V  [jvm.dll+0x6681ca]
V  [jvm.dll+0x7c9e69]
V  [jvm.dll+0x7cb61e]
V  [jvm.dll+0x7cbc73]
V  [jvm.dll+0x242c55]
V  [jvm.dll+0xadeba]
V  [jvm.dll+0xae45c]
V  [jvm.dll+0x35a882]
V  [jvm.dll+0x324de1]
V  [jvm.dll+0x32428a]
V  [jvm.dll+0x215cec]
V  [jvm.dll+0x215100]
V  [jvm.dll+0x1a1beb]
V  [jvm.dll+0x225158]
V  [jvm.dll+0x22319c]
V  [jvm.dll+0x77fa62]
V  [jvm.dll+0x7795aa]
V  [jvm.dll+0x667066]
C  [ucrtbase.dll+0x21bb2]
C  [KERNEL32.DLL+0x17034]
C  [ntdll.dll+0x52651]


---------------  P R O C E S S  ---------------

Threads class SMR info:
_java_thread_list=0x0000020366202320, length=30, elements={
0x000002035d9ce440, 0x000002035d9cf010, 0x000002035d9dc800, 0x000002035d9de120,
0x000002035d9dea30, 0x000002035d9df340, 0x000002035d9e1070, 0x000002035d9e1a70,
0x000002035d9e2bd0, 0x000002035d9ad450, 0x000002035e71d570, 0x000002035e7f7380,
0x0000020362d6e040, 0x0000020362d6cb00, 0x0000020362d6d5a0, 0x0000020362d68b40,
0x0000020362d69090, 0x0000020362d6c060, 0x0000020362d695e0, 0x0000020362d6c5b0,
0x0000020362d6f030, 0x0000020362d680a0, 0x0000020362d69b30, 0x0000020362d6d050,
0x0000020362d6e590, 0x0000020362d6a080, 0x0000020362d6f580, 0x0000020362d6a5d0,
0x0000020362d6fad0, 0x000002035fc795e0
}

Java Threads: ( => current thread )
  0x000002035d9ce440 JavaThread "Reference Handler" daemon [_thread_blocked, id=13280, stack(0x000000ec08500000,0x000000ec08600000)]
  0x000002035d9cf010 JavaThread "Finalizer" daemon [_thread_blocked, id=22136, stack(0x000000ec08600000,0x000000ec08700000)]
  0x000002035d9dc800 JavaThread "Signal Dispatcher" daemon [_thread_blocked, id=11908, stack(0x000000ec08700000,0x000000ec08800000)]
  0x000002035d9de120 JavaThread "Attach Listener" daemon [_thread_blocked, id=6876, stack(0x000000ec08800000,0x000000ec08900000)]
  0x000002035d9dea30 JavaThread "Service Thread" daemon [_thread_blocked, id=512, stack(0x000000ec08900000,0x000000ec08a00000)]
  0x000002035d9df340 JavaThread "Monitor Deflation Thread" daemon [_thread_blocked, id=2008, stack(0x000000ec08a00000,0x000000ec08b00000)]
=>0x000002035d9e1070 JavaThread "C2 CompilerThread0" daemon [_thread_in_native, id=21048, stack(0x000000ec08b00000,0x000000ec08c00000)]
  0x000002035d9e1a70 JavaThread "C1 CompilerThread0" daemon [_thread_blocked, id=16788, stack(0x000000ec08c00000,0x000000ec08d00000)]
  0x000002035d9e2bd0 JavaThread "Sweeper thread" daemon [_thread_blocked, id=18804, stack(0x000000ec08d00000,0x000000ec08e00000)]
  0x000002035d9ad450 JavaThread "Common-Cleaner" daemon [_thread_blocked, id=17784, stack(0x000000ec08e00000,0x000000ec08f00000)]
  0x000002035e71d570 JavaThread "Monitor Ctrl-Break" daemon [_thread_in_native, id=6228, stack(0x000000ec08f00000,0x000000ec09000000)]
  0x000002035e7f7380 JavaThread "Notification Thread" daemon [_thread_blocked, id=1324, stack(0x000000ec09000000,0x000000ec09100000)]
  0x0000020362d6e040 JavaThread "Catalina-utility-1" [_thread_blocked, id=21120, stack(0x000000ec09f00000,0x000000ec0a000000)]
  0x0000020362d6cb00 JavaThread "Catalina-utility-2" [_thread_blocked, id=16972, stack(0x000000ec0a000000,0x000000ec0a100000)]
  0x0000020362d6d5a0 JavaThread "container-0" [_thread_blocked, id=18456, stack(0x000000ec0a100000,0x000000ec0a200000)]
  0x0000020362d68b40 JavaThread "HikariPool-1 housekeeper" daemon [_thread_blocked, id=6684, stack(0x000000ec0a300000,0x000000ec0a400000)]
  0x0000020362d69090 JavaThread "http-nio-8080-exec-1" daemon [_thread_blocked, id=7136, stack(0x000000ec0a500000,0x000000ec0a600000)]
  0x0000020362d6c060 JavaThread "http-nio-8080-exec-2" daemon [_thread_blocked, id=10160, stack(0x000000ec0a600000,0x000000ec0a700000)]
  0x0000020362d695e0 JavaThread "http-nio-8080-exec-3" daemon [_thread_blocked, id=9368, stack(0x000000ec0a700000,0x000000ec0a800000)]
  0x0000020362d6c5b0 JavaThread "http-nio-8080-exec-4" daemon [_thread_blocked, id=19804, stack(0x000000ec0a800000,0x000000ec0a900000)]
  0x0000020362d6f030 JavaThread "http-nio-8080-exec-5" daemon [_thread_blocked, id=17096, stack(0x000000ec0a900000,0x000000ec0aa00000)]
  0x0000020362d680a0 JavaThread "http-nio-8080-exec-6" daemon [_thread_blocked, id=20552, stack(0x000000ec0aa00000,0x000000ec0ab00000)]
  0x0000020362d69b30 JavaThread "http-nio-8080-exec-7" daemon [_thread_blocked, id=9000, stack(0x000000ec0ab00000,0x000000ec0ac00000)]
  0x0000020362d6d050 JavaThread "http-nio-8080-exec-8" daemon [_thread_blocked, id=2480, stack(0x000000ec0ac00000,0x000000ec0ad00000)]
  0x0000020362d6e590 JavaThread "http-nio-8080-exec-9" daemon [_thread_blocked, id=1864, stack(0x000000ec0ad00000,0x000000ec0ae00000)]
  0x0000020362d6a080 JavaThread "http-nio-8080-exec-10" daemon [_thread_blocked, id=9820, stack(0x000000ec0ae00000,0x000000ec0af00000)]
  0x0000020362d6f580 JavaThread "http-nio-8080-Poller" daemon [_thread_in_native, id=11464, stack(0x000000ec0af00000,0x000000ec0b000000)]
  0x0000020362d6a5d0 JavaThread "http-nio-8080-Acceptor" daemon [_thread_in_native, id=15364, stack(0x000000ec0b000000,0x000000ec0b100000)]
  0x0000020362d6fad0 JavaThread "DestroyJavaVM" [_thread_blocked, id=15076, stack(0x000000ec07e00000,0x000000ec07f00000)]
  0x000002035fc795e0 JavaThread "HikariPool-1 connection adder" daemon [_thread_blocked, id=12372, stack(0x000000ec07d00000,0x000000ec07e00000)]

Other Threads:
  0x000002035d9c7bb0 VMThread "VM Thread" [stack: 0x000000ec08400000,0x000000ec08500000] [id=16648]
  0x000002035e846260 WatcherThread [stack: 0x000000ec09100000,0x000000ec09200000] [id=22516]
  0x000002033fa831b0 GCTaskThread "GC Thread#0" [stack: 0x000000ec07f00000,0x000000ec08000000] [id=14552]
  0x000002035ed90480 GCTaskThread "GC Thread#1" [stack: 0x000000ec09300000,0x000000ec09400000] [id=22396]
  0x000002035efc8130 GCTaskThread "GC Thread#2" [stack: 0x000000ec09400000,0x000000ec09500000] [id=19104]
  0x000002035ede1760 GCTaskThread "GC Thread#3" [stack: 0x000000ec09500000,0x000000ec09600000] [id=16524]
  0x000002035ede1a70 GCTaskThread "GC Thread#4" [stack: 0x000000ec09600000,0x000000ec09700000] [id=5228]
  0x000002035f825db0 GCTaskThread "GC Thread#5" [stack: 0x000000ec09700000,0x000000ec09800000] [id=20680]
  0x000002035f8260c0 GCTaskThread "GC Thread#6" [stack: 0x000000ec09800000,0x000000ec09900000] [id=13852]
  0x000002035fc824d0 GCTaskThread "GC Thread#7" [stack: 0x000000ec09b00000,0x000000ec09c00000] [id=8472]
  0x000002035f9cf1a0 GCTaskThread "GC Thread#8" [stack: 0x000000ec09c00000,0x000000ec09d00000] [id=17176]
  0x000002035fa11600 GCTaskThread "GC Thread#9" [stack: 0x000000ec09d00000,0x000000ec09e00000] [id=20464]
  0x000002033fa94290 ConcurrentGCThread "G1 Main Marker" [stack: 0x000000ec08000000,0x000000ec08100000] [id=2656]
  0x000002033fa94c10 ConcurrentGCThread "G1 Conc#0" [stack: 0x000000ec08100000,0x000000ec08200000] [id=16848]
  0x000002036196e540 ConcurrentGCThread "G1 Conc#1" [stack: 0x000000ec09a00000,0x000000ec09b00000] [id=9348]
  0x000002036196df20 ConcurrentGCThread "G1 Conc#2" [stack: 0x000000ec09e00000,0x000000ec09f00000] [id=4440]
  0x000002033fb1e590 ConcurrentGCThread "G1 Refine#0" [stack: 0x000000ec08200000,0x000000ec08300000] [id=11148]
  0x000002035d87a0f0 ConcurrentGCThread "G1 Service" [stack: 0x000000ec08300000,0x000000ec08400000] [id=16808]

Threads with active compile tasks:
C2 CompilerThread0  4348096 8814   !   4       org.apache.catalina.connector.CoyoteAdapter::postParseRequest (1106 bytes)

VM state: not at safepoint (normal execution)

VM Mutex/Monitor currently owned by a thread: None

Heap address: 0x0000000089400000, size: 1900 MB, Compressed Oops mode: 32-bit

CDS archive(s) mapped at: [0x0000000800000000-0x0000000800bb0000-0x0000000800bb0000), size 12255232, SharedBaseAddress: 0x0000000800000000, ArchiveRelocationMode: 0.
Compressed class space mapped at: 0x0000000800c00000-0x0000000840c00000, reserved size: 1073741824
Narrow klass base: 0x0000000800000000, Narrow klass shift: 3, Narrow klass range: 0x100000000

GC Precious Log:
 CPUs: 12 total, 12 available
 Memory: 7599M
 Large Page Support: Disabled
 NUMA Support: Disabled
 Compressed Oops: Enabled (32-bit)
 Heap Region Size: 1M
 Heap Min Capacity: 8M
 Heap Initial Capacity: 120M
 Heap Max Capacity: 1900M
 Pre-touch: Disabled
 Parallel Workers: 10
 Concurrent Workers: 3
 Concurrent Refinement Workers: 10
 Periodic GC: Disabled

Heap:
 garbage-first heap   total 61440K, used 33019K [0x0000000089400000, 0x0000000100000000)
  region size 1024K, 12 young (12288K), 2 survivors (2048K)
 Metaspace       used 54249K, committed 54656K, reserved 1097728K
  class space    used 6821K, committed 7040K, reserved 1048576K

Heap Regions: E=young(eden), S=young(survivor), O=old, HS=humongous(starts), HC=humongous(continues), CS=collection set, F=free, OA=open archive, CA=closed archive, TAMS=top-at-mark-start (previous, next)
|   0|0x0000000089400000, 0x0000000089500000, 0x0000000089500000|100%|HS|  |TAMS 0x0000000089500000, 0x0000000089400000| Complete 
|   1|0x0000000089500000, 0x0000000089600000, 0x0000000089600000|100%| O|  |TAMS 0x0000000089600000, 0x0000000089500000| Untracked 
|   2|0x0000000089600000, 0x0000000089700000, 0x0000000089700000|100%| O|  |TAMS 0x0000000089700000, 0x0000000089600000| Untracked 
|   3|0x0000000089700000, 0x0000000089800000, 0x0000000089800000|100%| O|  |TAMS 0x0000000089800000, 0x0000000089700000| Untracked 
|   4|0x0000000089800000, 0x0000000089900000, 0x0000000089900000|100%| O|  |TAMS 0x0000000089900000, 0x0000000089800000| Untracked 
|   5|0x0000000089900000, 0x0000000089a00000, 0x0000000089a00000|100%| O|  |TAMS 0x0000000089a00000, 0x0000000089900000| Untracked 
|   6|0x0000000089a00000, 0x0000000089a9d600, 0x0000000089b00000| 61%| O|  |TAMS 0x0000000089a9d600, 0x0000000089a00000| Untracked 
|   7|0x0000000089b00000, 0x0000000089c00000, 0x0000000089c00000|100%| O|  |TAMS 0x0000000089c00000, 0x0000000089b00000| Untracked 
|   8|0x0000000089c00000, 0x0000000089d00000, 0x0000000089d00000|100%| O|  |TAMS 0x0000000089d00000, 0x0000000089c00000| Untracked 
|   9|0x0000000089d00000, 0x0000000089e00000, 0x0000000089e00000|100%| O|  |TAMS 0x0000000089e00000, 0x0000000089d00000| Untracked 
|  10|0x0000000089e00000, 0x0000000089f00000, 0x0000000089f00000|100%| O|  |TAMS 0x0000000089f00000, 0x0000000089e00000| Untracked 
|  11|0x0000000089f00000, 0x000000008a000000, 0x000000008a000000|100%| O|  |TAMS 0x000000008a000000, 0x0000000089f00000| Untracked 
|  12|0x000000008a000000, 0x000000008a100000, 0x000000008a100000|100%| O|  |TAMS 0x000000008a100000, 0x000000008a000000| Untracked 
|  13|0x000000008a100000, 0x000000008a1e2a00, 0x000000008a200000| 88%| O|  |TAMS 0x000000008a1e2a00, 0x000000008a100000| Untracked 
|  14|0x000000008a200000, 0x000000008a300000, 0x000000008a300000|100%| O|  |TAMS 0x000000008a200000, 0x000000008a200000| Untracked 
|  15|0x000000008a300000, 0x000000008a400000, 0x000000008a400000|100%| O|  |TAMS 0x000000008a300000, 0x000000008a300000| Untracked 
|  16|0x000000008a400000, 0x000000008a500000, 0x000000008a500000|100%| O|  |TAMS 0x000000008a400000, 0x000000008a400000| Untracked 
|  17|0x000000008a500000, 0x000000008a600000, 0x000000008a600000|100%| O|  |TAMS 0x000000008a500000, 0x000000008a500000| Untracked 
|  18|0x000000008a600000, 0x000000008a700000, 0x000000008a700000|100%| O|  |TAMS 0x000000008a600000, 0x000000008a600000| Untracked 
|  19|0x000000008a700000, 0x000000008a800000, 0x000000008a800000|100%| O|  |TAMS 0x000000008a700000, 0x000000008a700000| Untracked 
|  20|0x000000008a800000, 0x000000008a900000, 0x000000008a900000|100%| O|  |TAMS 0x000000008a800000, 0x000000008a800000| Untracked 
|  21|0x000000008a900000, 0x000000008aa00000, 0x000000008aa00000|100%| O|  |TAMS 0x000000008a900000, 0x000000008a900000| Untracked 
|  22|0x000000008aa00000, 0x000000008aab0000, 0x000000008ab00000| 68%| O|  |TAMS 0x000000008aa00000, 0x000000008aa00000| Untracked 
|  23|0x000000008ab00000, 0x000000008ab00000, 0x000000008ac00000|  0%| F|  |TAMS 0x000000008ab00000, 0x000000008ab00000| Untracked 
|  24|0x000000008ac00000, 0x000000008ac00000, 0x000000008ad00000|  0%| F|  |TAMS 0x000000008ac00000, 0x000000008ac00000| Untracked 
|  25|0x000000008ad00000, 0x000000008ad00000, 0x000000008ae00000|  0%| F|  |TAMS 0x000000008ad00000, 0x000000008ad00000| Untracked 
|  26|0x000000008ae00000, 0x000000008ae00000, 0x000000008af00000|  0%| F|  |TAMS 0x000000008ae00000, 0x000000008ae00000| Untracked 
|  27|0x000000008af00000, 0x000000008af00000, 0x000000008b000000|  0%| F|  |TAMS 0x000000008af00000, 0x000000008af00000| Untracked 
|  28|0x000000008b000000, 0x000000008b000000, 0x000000008b100000|  0%| F|  |TAMS 0x000000008b000000, 0x000000008b000000| Untracked 
|  29|0x000000008b100000, 0x000000008b100000, 0x000000008b200000|  0%| F|  |TAMS 0x000000008b100000, 0x000000008b100000| Untracked 
|  30|0x000000008b200000, 0x000000008b20ed50, 0x000000008b300000|  5%| S|CS|TAMS 0x000000008b200000, 0x000000008b200000| Complete 
|  31|0x000000008b300000, 0x000000008b300000, 0x000000008b400000|  0%| F|  |TAMS 0x000000008b300000, 0x000000008b300000| Untracked 
|  32|0x000000008b400000, 0x000000008b500000, 0x000000008b500000|100%| S|CS|TAMS 0x000000008b400000, 0x000000008b400000| Complete 
|  33|0x000000008b500000, 0x000000008b500000, 0x000000008b600000|  0%| F|  |TAMS 0x000000008b500000, 0x000000008b500000| Untracked 
|  34|0x000000008b600000, 0x000000008b600000, 0x000000008b700000|  0%| F|  |TAMS 0x000000008b600000, 0x000000008b600000| Untracked 
|  35|0x000000008b700000, 0x000000008b700000, 0x000000008b800000|  0%| F|  |TAMS 0x000000008b700000, 0x000000008b700000| Untracked 
|  36|0x000000008b800000, 0x000000008b800000, 0x000000008b900000|  0%| F|  |TAMS 0x000000008b800000, 0x000000008b800000| Untracked 
|  37|0x000000008b900000, 0x000000008b900000, 0x000000008ba00000|  0%| F|  |TAMS 0x000000008b900000, 0x000000008b900000| Untracked 
|  38|0x000000008ba00000, 0x000000008ba00000, 0x000000008bb00000|  0%| F|  |TAMS 0x000000008ba00000, 0x000000008ba00000| Untracked 
|  39|0x000000008bb00000, 0x000000008bb00000, 0x000000008bc00000|  0%| F|  |TAMS 0x000000008bb00000, 0x000000008bb00000| Untracked 
|  40|0x000000008bc00000, 0x000000008bc00000, 0x000000008bd00000|  0%| F|  |TAMS 0x000000008bc00000, 0x000000008bc00000| Untracked 
|  41|0x000000008bd00000, 0x000000008bd00000, 0x000000008be00000|  0%| F|  |TAMS 0x000000008bd00000, 0x000000008bd00000| Untracked 
|  42|0x000000008be00000, 0x000000008be00000, 0x000000008bf00000|  0%| F|  |TAMS 0x000000008be00000, 0x000000008be00000| Untracked 
|  43|0x000000008bf00000, 0x000000008bf00000, 0x000000008c000000|  0%| F|  |TAMS 0x000000008bf00000, 0x000000008bf00000| Untracked 
|  44|0x000000008c000000, 0x000000008c000000, 0x000000008c100000|  0%| F|  |TAMS 0x000000008c000000, 0x000000008c000000| Untracked 
|  45|0x000000008c100000, 0x000000008c100000, 0x000000008c200000|  0%| F|  |TAMS 0x000000008c100000, 0x000000008c100000| Untracked 
|  46|0x000000008c200000, 0x000000008c200000, 0x000000008c300000|  0%| F|  |TAMS 0x000000008c200000, 0x000000008c200000| Untracked 
|  47|0x000000008c300000, 0x000000008c300000, 0x000000008c400000|  0%| F|  |TAMS 0x000000008c300000, 0x000000008c300000| Untracked 
|  48|0x000000008c400000, 0x000000008c400000, 0x000000008c500000|  0%| F|  |TAMS 0x000000008c400000, 0x000000008c400000| Untracked 
|  49|0x000000008c500000, 0x000000008c500000, 0x000000008c600000|  0%| F|  |TAMS 0x000000008c500000, 0x000000008c500000| Untracked 
|  50|0x000000008c600000, 0x000000008c6e65d0, 0x000000008c700000| 89%| E|  |TAMS 0x000000008c600000, 0x000000008c600000| Complete 
|  51|0x000000008c700000, 0x000000008c800000, 0x000000008c800000|100%| E|CS|TAMS 0x000000008c700000, 0x000000008c700000| Complete 
|  52|0x000000008c800000, 0x000000008c900000, 0x000000008c900000|100%| E|CS|TAMS 0x000000008c800000, 0x000000008c800000| Complete 
|  53|0x000000008c900000, 0x000000008ca00000, 0x000000008ca00000|100%| E|CS|TAMS 0x000000008c900000, 0x000000008c900000| Complete 
|  54|0x000000008ca00000, 0x000000008cb00000, 0x000000008cb00000|100%| E|CS|TAMS 0x000000008ca00000, 0x000000008ca00000| Complete 
|  55|0x000000008cb00000, 0x000000008cc00000, 0x000000008cc00000|100%| E|CS|TAMS 0x000000008cb00000, 0x000000008cb00000| Complete 
|  56|0x000000008cc00000, 0x000000008cd00000, 0x000000008cd00000|100%| E|CS|TAMS 0x000000008cc00000, 0x000000008cc00000| Complete 
|  57|0x000000008cd00000, 0x000000008ce00000, 0x000000008ce00000|100%| E|CS|TAMS 0x000000008cd00000, 0x000000008cd00000| Complete 
|  58|0x000000008ce00000, 0x000000008cf00000, 0x000000008cf00000|100%| E|CS|TAMS 0x000000008ce00000, 0x000000008ce00000| Complete 
| 119|0x0000000090b00000, 0x0000000090c00000, 0x0000000090c00000|100%| E|CS|TAMS 0x0000000090b00000, 0x0000000090b00000| Complete 

Card table byte_map: [0x0000020356ad0000,0x0000020356e90000] _byte_map_base: 0x0000020356686000

Marking Bits (Prev, Next): (CMBitMap*) 0x000002033fa84b40, (CMBitMap*) 0x000002033fa84b80
 Prev Bits: [0x0000020357250000, 0x0000020359000000)
 Next Bits: [0x0000020359000000, 0x000002035adb0000)

Polling page: 0x000002033d9a0000

Metaspace:

Usage:
  Non-class:     46.32 MB used.
      Class:      6.66 MB used.
       Both:     52.98 MB used.

Virtual space:
  Non-class space:       48.00 MB reserved,      46.50 MB ( 97%) committed,  6 nodes.
      Class space:        1.00 GB reserved,       6.88 MB ( <1%) committed,  1 nodes.
              Both:        1.05 GB reserved,      53.38 MB (  5%) committed. 

Chunk freelists:
   Non-Class:  576.00 KB
       Class:  1.17 MB
        Both:  1.73 MB

MaxMetaspaceSize: 17179869184.00 GB
CompressedClassSpaceSize: 1.00 GB
 - commit_granule_bytes: 65536.
 - commit_granule_words: 8192.
 - virtual_space_node_default_size: 1048576.
 - enlarge_chunks_in_place: 1.
 - new_chunks_are_fully_committed: 0.
 - uncommit_free_chunks: 1.
 - use_allocation_guard: 0.
 - handle_deallocations: 1.


Internal statistics:

num_allocs_failed_limit: 6.
num_arena_births: 454.
num_arena_deaths: 0.
num_vsnodes_births: 7.
num_vsnodes_deaths: 0.
num_space_committed: 854.
num_space_uncommitted: 0.
num_chunks_returned_to_freelist: 6.
num_chunks_taken_from_freelist: 2428.
num_chunk_merges: 6.
num_chunk_splits: 1738.
num_chunks_enlarged: 1370.
num_purges: 0.

CodeHeap 'non-profiled nmethods': size=120000Kb used=7144Kb max_used=7144Kb free=112855Kb
 bounds [0x000002034ec90000, 0x000002034f390000, 0x00000203561c0000]
CodeHeap 'profiled nmethods': size=120000Kb used=13722Kb max_used=16308Kb free=106277Kb
 bounds [0x0000020347760000, 0x0000020348750000, 0x000002034ec90000]
CodeHeap 'non-nmethods': size=5760Kb used=1305Kb max_used=1408Kb free=4454Kb
 bounds [0x00000203471c0000, 0x0000020347430000, 0x0000020347760000]
 total_blobs=7904 nmethods=7280 adapters=536
 compilation: enabled
              stopped_count=0, restarted_count=0
 full_count=0

Compilation events (20 events):
Event: 4347.704 Thread 0x000002035d9e1070 nmethod 8808 0x000002034f37cc10 code [0x000002034f37cdc0, 0x000002034f37cf88]
Event: 4347.704 Thread 0x000002035d9e1070 8804       4       org.jboss.logging.DelegatingBasicLogger::debugf (18 bytes)
Event: 4347.709 Thread 0x000002035d9e1070 nmethod 8804 0x000002034f37d210 code [0x000002034f37d3e0, 0x000002034f37d768]
Event: 4347.709 Thread 0x000002035d9e1070 8807   !   4       com.zaxxer.hikari.pool.ProxyStatement::close (63 bytes)
Event: 4347.723 Thread 0x000002035d9e1070 nmethod 8807 0x000002034f37dd10 code [0x000002034f37dee0, 0x000002034f37e988]
Event: 4347.723 Thread 0x000002035d9e1070 8803       4       org.springframework.orm.jpa.JpaTransactionManager$JpaTransactionObject::<init> (6 bytes)
Event: 4347.724 Thread 0x000002035d9e1070 nmethod 8803 0x000002034f37ef90 code [0x000002034f37f100, 0x000002034f37f238]
Event: 4347.724 Thread 0x000002035d9e1070 8805       4       com.fasterxml.jackson.core.JsonFactory::createGenerator (57 bytes)
Event: 4347.745 Thread 0x000002035d9e1070 nmethod 8805 0x000002034f37f290 code [0x000002034f37f480, 0x000002034f37fd70]
Event: 4347.745 Thread 0x000002035d9e1070 8809       4       org.hibernate.engine.spi.QueryParameters::processFilters (476 bytes)
Event: 4347.748 Thread 0x000002035d9e1070 nmethod 8809 0x000002034f380310 code [0x000002034f3804a0, 0x000002034f3807d8]
Event: 4347.748 Thread 0x000002035d9e1070 8810   !   4       org.springframework.web.servlet.mvc.method.annotation.AbstractMessageConverterMethodProcessor::addContentDispositionHeader (199 bytes)
Event: 4347.819 Thread 0x000002035d9e1070 nmethod 8810 0x000002034f380910 code [0x000002034f380bc0, 0x000002034f382520]
Event: 4347.826 Thread 0x000002035d9e1070 8811       4       org.apache.coyote.http11.Http11InputBuffer::init (72 bytes)
Event: 4347.831 Thread 0x000002035d9e1070 nmethod 8811 0x000002034f383890 code [0x000002034f383a20, 0x000002034f383d18]
Event: 4347.832 Thread 0x000002035d9e1070 8812       4       org.apache.tomcat.util.net.NioEndpoint$NioSocketWrapper::setAppReadBufHandler (12 bytes)
Event: 4347.833 Thread 0x000002035d9e1070 nmethod 8812 0x000002034f383f10 code [0x000002034f3840a0, 0x000002034f384218]
Event: 4347.837 Thread 0x000002035d9e1070 8813   !   4       org.apache.coyote.http11.Http11Processor::service (1248 bytes)
Event: 4347.948 Thread 0x000002035d9e1070 nmethod 8813 0x000002034f384310 code [0x000002034f384880, 0x000002034f3875b0]
Event: 4347.948 Thread 0x000002035d9e1070 8814   !   4       org.apache.catalina.connector.CoyoteAdapter::postParseRequest (1106 bytes)

GC Heap History (20 events):
Event: 4333.125 GC heap before
{Heap before GC invocations=15 (full 0):
 garbage-first heap   total 61440K, used 49338K [0x0000000089400000, 0x0000000100000000)
  region size 1024K, 26 young (26624K), 1 survivors (1024K)
 Metaspace       used 54215K, committed 54592K, reserved 1097728K
  class space    used 6817K, committed 7040K, reserved 1048576K
}
Event: 4333.128 GC heap after
{Heap after GC invocations=16 (full 0):
 garbage-first heap   total 61440K, used 23794K [0x0000000089400000, 0x0000000100000000)
  region size 1024K, 2 young (2048K), 2 survivors (2048K)
 Metaspace       used 54215K, committed 54592K, reserved 1097728K
  class space    used 6817K, committed 7040K, reserved 1048576K
}
Event: 4334.624 GC heap before
{Heap before GC invocations=16 (full 0):
 garbage-first heap   total 61440K, used 49394K [0x0000000089400000, 0x0000000100000000)
  region size 1024K, 27 young (27648K), 2 survivors (2048K)
 Metaspace       used 54215K, committed 54592K, reserved 1097728K
  class space    used 6817K, committed 7040K, reserved 1048576K
}
Event: 4334.627 GC heap after
{Heap after GC invocations=17 (full 0):
 garbage-first heap   total 61440K, used 23724K [0x0000000089400000, 0x0000000100000000)
  region size 1024K, 1 young (1024K), 1 survivors (1024K)
 Metaspace       used 54215K, committed 54592K, reserved 1097728K
  class space    used 6817K, committed 7040K, reserved 1048576K
}
Event: 4336.027 GC heap before
{Heap before GC invocations=17 (full 0):
 garbage-first heap   total 61440K, used 51372K [0x0000000089400000, 0x0000000100000000)
  region size 1024K, 28 young (28672K), 1 survivors (1024K)
 Metaspace       used 54216K, committed 54592K, reserved 1097728K
  class space    used 6817K, committed 7040K, reserved 1048576K
}
Event: 4336.030 GC heap after
{Heap after GC invocations=18 (full 0):
 garbage-first heap   total 61440K, used 23740K [0x0000000089400000, 0x0000000100000000)
  region size 1024K, 1 young (1024K), 1 survivors (1024K)
 Metaspace       used 54216K, committed 54592K, reserved 1097728K
  class space    used 6817K, committed 7040K, reserved 1048576K
}
Event: 4337.498 GC heap before
{Heap before GC invocations=18 (full 0):
 garbage-first heap   total 61440K, used 51388K [0x0000000089400000, 0x0000000100000000)
  region size 1024K, 28 young (28672K), 1 survivors (1024K)
 Metaspace       used 54218K, committed 54592K, reserved 1097728K
  class space    used 6817K, committed 7040K, reserved 1048576K
}
Event: 4337.501 GC heap after
{Heap after GC invocations=19 (full 0):
 garbage-first heap   total 61440K, used 23773K [0x0000000089400000, 0x0000000100000000)
  region size 1024K, 2 young (2048K), 2 survivors (2048K)
 Metaspace       used 54218K, committed 54592K, reserved 1097728K
  class space    used 6817K, committed 7040K, reserved 1048576K
}
Event: 4338.694 GC heap before
{Heap before GC invocations=19 (full 0):
 garbage-first heap   total 61440K, used 51421K [0x0000000089400000, 0x0000000100000000)
  region size 1024K, 29 young (29696K), 2 survivors (2048K)
 Metaspace       used 54220K, committed 54592K, reserved 1097728K
  class space    used 6817K, committed 7040K, reserved 1048576K
}
Event: 4338.696 GC heap after
{Heap after GC invocations=20 (full 0):
 garbage-first heap   total 61440K, used 23768K [0x0000000089400000, 0x0000000100000000)
  region size 1024K, 2 young (2048K), 2 survivors (2048K)
 Metaspace       used 54220K, committed 54592K, reserved 1097728K
  class space    used 6817K, committed 7040K, reserved 1048576K
}
Event: 4340.038 GC heap before
{Heap before GC invocations=20 (full 0):
 garbage-first heap   total 61440K, used 51416K [0x0000000089400000, 0x0000000100000000)
  region size 1024K, 29 young (29696K), 2 survivors (2048K)
 Metaspace       used 54221K, committed 54656K, reserved 1097728K
  class space    used 6817K, committed 7040K, reserved 1048576K
}
Event: 4340.042 GC heap after
{Heap after GC invocations=21 (full 0):
 garbage-first heap   total 61440K, used 23769K [0x0000000089400000, 0x0000000100000000)
  region size 1024K, 2 young (2048K), 2 survivors (2048K)
 Metaspace       used 54221K, committed 54656K, reserved 1097728K
  class space    used 6817K, committed 7040K, reserved 1048576K
}
Event: 4341.385 GC heap before
{Heap before GC invocations=21 (full 0):
 garbage-first heap   total 61440K, used 51417K [0x0000000089400000, 0x0000000100000000)
  region size 1024K, 29 young (29696K), 2 survivors (2048K)
 Metaspace       used 54222K, committed 54656K, reserved 1097728K
  class space    used 6817K, committed 7040K, reserved 1048576K
}
Event: 4341.387 GC heap after
{Heap after GC invocations=22 (full 0):
 garbage-first heap   total 61440K, used 23796K [0x0000000089400000, 0x0000000100000000)
  region size 1024K, 2 young (2048K), 2 survivors (2048K)
 Metaspace       used 54222K, committed 54656K, reserved 1097728K
  class space    used 6817K, committed 7040K, reserved 1048576K
}
Event: 4342.736 GC heap before
{Heap before GC invocations=22 (full 0):
 garbage-first heap   total 61440K, used 51444K [0x0000000089400000, 0x0000000100000000)
  region size 1024K, 29 young (29696K), 2 survivors (2048K)
 Metaspace       used 54222K, committed 54656K, reserved 1097728K
  class space    used 6817K, committed 7040K, reserved 1048576K
}
Event: 4342.739 GC heap after
{Heap after GC invocations=23 (full 0):
 garbage-first heap   total 61440K, used 23793K [0x0000000089400000, 0x0000000100000000)
  region size 1024K, 2 young (2048K), 2 survivors (2048K)
 Metaspace       used 54222K, committed 54656K, reserved 1097728K
  class space    used 6817K, committed 7040K, reserved 1048576K
}
Event: 4344.542 GC heap before
{Heap before GC invocations=23 (full 0):
 garbage-first heap   total 61440K, used 51441K [0x0000000089400000, 0x0000000100000000)
  region size 1024K, 29 young (29696K), 2 survivors (2048K)
 Metaspace       used 54226K, committed 54656K, reserved 1097728K
  class space    used 6818K, committed 7040K, reserved 1048576K
}
Event: 4344.545 GC heap after
{Heap after GC invocations=24 (full 0):
 garbage-first heap   total 61440K, used 23813K [0x0000000089400000, 0x0000000100000000)
  region size 1024K, 2 young (2048K), 2 survivors (2048K)
 Metaspace       used 54226K, committed 54656K, reserved 1097728K
  class space    used 6818K, committed 7040K, reserved 1048576K
}
Event: 4347.153 GC heap before
{Heap before GC invocations=24 (full 0):
 garbage-first heap   total 61440K, used 51461K [0x0000000089400000, 0x0000000100000000)
  region size 1024K, 29 young (29696K), 2 survivors (2048K)
 Metaspace       used 54248K, committed 54656K, reserved 1097728K
  class space    used 6820K, committed 7040K, reserved 1048576K
}
Event: 4347.157 GC heap after
{Heap after GC invocations=25 (full 0):
 garbage-first heap   total 61440K, used 23803K [0x0000000089400000, 0x0000000100000000)
  region size 1024K, 2 young (2048K), 2 survivors (2048K)
 Metaspace       used 54248K, committed 54656K, reserved 1097728K
  class space    used 6820K, committed 7040K, reserved 1048576K
}

Deoptimization events (20 events):
Event: 4334.987 Thread 0x0000020362d69090 Uncommon trap: reason=array_check action=maybe_recompile pc=0x000002034f1d3ff4 method=com.zaxxer.hikari.util.FastList.add(Ljava/lang/Object;)Z @ 28 c2
Event: 4334.987 Thread 0x0000020362d6f030 Uncommon trap: reason=array_check action=maybe_recompile pc=0x000002034f1d3ff4 method=com.zaxxer.hikari.util.FastList.add(Ljava/lang/Object;)Z @ 28 c2
Event: 4334.987 Thread 0x0000020362d6a080 Uncommon trap: trap_request=0xffffffd6 fr.pc=0x000002034f1d3ff4 relative=0x0000000000000154
Event: 4334.987 Thread 0x0000020362d69090 DEOPT PACKING pc=0x000002034f1d3ff4 sp=0x000000ec0a5fc8c0
Event: 4334.987 Thread 0x0000020362d6f030 DEOPT PACKING pc=0x000002034f1d3ff4 sp=0x000000ec0a9fcc40
Event: 4334.987 Thread 0x0000020362d6f030 DEOPT UNPACKING pc=0x000002034720d72e sp=0x000000ec0a9fcbd8 mode 2
Event: 4334.987 Thread 0x0000020362d6a080 Uncommon trap: reason=array_check action=maybe_recompile pc=0x000002034f1d3ff4 method=com.zaxxer.hikari.util.FastList.add(Ljava/lang/Object;)Z @ 28 c2
Event: 4334.987 Thread 0x0000020362d69090 DEOPT UNPACKING pc=0x000002034720d72e sp=0x000000ec0a5fc858 mode 2
Event: 4334.987 Thread 0x0000020362d6a080 DEOPT PACKING pc=0x000002034f1d3ff4 sp=0x000000ec0aefcb50
Event: 4334.987 Thread 0x0000020362d6a080 DEOPT UNPACKING pc=0x000002034720d72e sp=0x000000ec0aefcae8 mode 2
Event: 4334.989 Thread 0x0000020362d6d050 Uncommon trap: trap_request=0xffffffd6 fr.pc=0x000002034f1d3ff4 relative=0x0000000000000154
Event: 4334.989 Thread 0x0000020362d6d050 Uncommon trap: reason=array_check action=maybe_recompile pc=0x000002034f1d3ff4 method=com.zaxxer.hikari.util.FastList.add(Ljava/lang/Object;)Z @ 28 c2
Event: 4334.989 Thread 0x0000020362d6d050 DEOPT PACKING pc=0x000002034f1d3ff4 sp=0x000000ec0acfcd80
Event: 4334.989 Thread 0x0000020362d6d050 DEOPT UNPACKING pc=0x000002034720d72e sp=0x000000ec0acfcd18 mode 2
Event: 4335.221 Thread 0x0000020362d6a080 DEOPT PACKING pc=0x00000203485725e2 sp=0x000000ec0aefe670
Event: 4335.221 Thread 0x0000020362d6a080 DEOPT UNPACKING pc=0x000002034720dece sp=0x000000ec0aefda90 mode 0
Event: 4335.923 Thread 0x0000020362d6a080 DEOPT PACKING pc=0x00000203482acd18 sp=0x000000ec0aefe560
Event: 4335.923 Thread 0x0000020362d6a080 DEOPT UNPACKING pc=0x000002034720dece sp=0x000000ec0aefd980 mode 0
Event: 4336.007 Thread 0x0000020362d6d050 DEOPT PACKING pc=0x00000203481bcfd0 sp=0x000000ec0acfe850
Event: 4336.007 Thread 0x0000020362d6d050 DEOPT UNPACKING pc=0x000002034720dece sp=0x000000ec0acfdcd0 mode 0

Classes unloaded (0 events):
No events

Classes redefined (0 events):
No events

Internal exceptions (20 events):
Event: 4.906 Thread 0x000002033fa43830 Exception <a 'java/lang/ClassNotFoundException'{0x000000008b61fd38}: org/springframework/beans/factory/AwareCustomizer> (0x000000008b61fd38) 
thrown [t:\workspace\open\src\hotspot\share\classfile\systemDictionary.cpp, line 256]
Event: 4.906 Thread 0x000002033fa43830 Exception <a 'java/lang/ClassNotFoundException'{0x000000008b623030}: org/springframework/context/ApplicationContextAwareCustomizer> (0x000000008b623030) 
thrown [t:\workspace\open\src\hotspot\share\classfile\systemDictionary.cpp, line 256]
Event: 4.906 Thread 0x000002033fa43830 Exception <a 'java/lang/ClassNotFoundException'{0x000000008b627b58}: org/springframework/beans/factory/AwareCustomizer> (0x000000008b627b58) 
thrown [t:\workspace\open\src\hotspot\share\classfile\systemDictionary.cpp, line 256]
Event: 4.906 Thread 0x000002033fa43830 Exception <a 'java/lang/ClassNotFoundException'{0x000000008b62ae28}: org/springframework/web/context/ServletContextAwareCustomizer> (0x000000008b62ae28) 
thrown [t:\workspace\open\src\hotspot\share\classfile\systemDictionary.cpp, line 256]
Event: 4.907 Thread 0x000002033fa43830 Exception <a 'java/lang/ClassNotFoundException'{0x000000008b62f1d8}: org/springframework/beans/factory/AwareCustomizer> (0x000000008b62f1d8) 
thrown [t:\workspace\open\src\hotspot\share\classfile\systemDictionary.cpp, line 256]
Event: 5.038 Thread 0x000002033fa43830 Exception <a 'java/lang/NoSuchMethodError'{0x000000008cd93190}: 'void java.lang.invoke.DirectMethodHandle$Holder.invokeVirtual(java.lang.Object, java.lang.Object, int)'> (0x000000008cd93190) 
thrown [t:\workspace\open\src\hotspot\share\interpreter\linkResolver.cpp, line 790]
Event: 5.040 Thread 0x000002033fa43830 Exception <a 'java/lang/NoSuchMethodError'{0x000000008cdae6a0}: 'void java.lang.invoke.DirectMethodHandle$Holder.invokeVirtual(java.lang.Object, java.lang.Object, long)'> (0x000000008cdae6a0) 
thrown [t:\workspace\open\src\hotspot\share\interpreter\linkResolver.cpp, line 790]
Event: 5.161 Thread 0x000002033fa43830 Exception <a 'java/lang/IncompatibleClassChangeError'{0x000000008c71f618}: Found class java.lang.Object, but interface was expected> (0x000000008c71f618) 
thrown [t:\workspace\open\src\hotspot\share\interpreter\linkResolver.cpp, line 857]
Event: 5.199 Thread 0x000002033fa43830 Exception <a 'java/lang/NoSuchMethodError'{0x000000008c69e7c0}: 'int java.lang.invoke.DirectMethodHandle$Holder.invokeStaticInit(java.lang.Object, java.lang.Object, java.lang.Object, java.lang.Object)'> (0x000000008c69e7c0) 
thrown [t:\workspace\open\src\hotspot\share\interpreter\linkResolver.cpp, line 790]
Event: 5.231 Thread 0x000002033fa43830 Implicit null exception at 0x000002034edc335a to 0x000002034edc3550
Event: 5.286 Thread 0x000002033fa43830 Exception <a 'java/lang/NoSuchMethodError'{0x000000008c10b310}: 'java.lang.Object java.lang.invoke.DirectMethodHandle$Holder.invokeSpecial(java.lang.Object, java.lang.Object, int, java.lang.Object, int, java.lang.Object)'> (0x000000008c10b310) 
thrown [t:\workspace\open\src\hotspot\share\interpreter\linkResolver.cpp, line 790]
Event: 5.286 Thread 0x000002033fa43830 Exception <a 'java/lang/NoSuchMethodError'{0x000000008c1136d0}: 'java.lang.Object java.lang.invoke.DirectMethodHandle$Holder.newInvokeSpecial(java.lang.Object, java.lang.Object, int, java.lang.Object, int)'> (0x000000008c1136d0) 
thrown [t:\workspace\open\src\hotspot\share\interpreter\linkResolver.cpp, line 790]
Event: 5.287 Thread 0x000002033fa43830 Exception <a 'java/lang/NoSuchMethodError'{0x000000008c1178e0}: 'java.lang.Object java.lang.invoke.DirectMethodHandle$Holder.invokeSpecial(java.lang.Object, java.lang.Object, java.lang.Object, int, java.lang.Object, int)'> (0x000000008c1178e0) 
thrown [t:\workspace\open\src\hotspot\share\interpreter\linkResolver.cpp, line 790]
Event: 5.289 Thread 0x000002033fa43830 Exception <a 'java/lang/NoSuchMethodError'{0x000000008c121b90}: 'void java.lang.invoke.DirectMethodHandle$Holder.invokeVirtual(java.lang.Object, java.lang.Object)'> (0x000000008c121b90) 
thrown [t:\workspace\open\src\hotspot\share\interpreter\linkResolver.cpp, line 790]
Event: 20.107 Thread 0x0000020362d6c060 Exception <a 'java/lang/NoSuchMethodError'{0x000000008b9abf00}: 'java.lang.Object java.lang.invoke.DirectMethodHandle$Holder.invokeInterface(java.lang.Object, java.lang.Object, java.lang.Object, java.lang.Object)'> (0x000000008b9abf00) 
thrown [t:\workspace\open\src\hotspot\share\interpreter\linkResolver.cpp, line 790]
Event: 20.124 Thread 0x0000020362d6c060 Exception <a 'java/lang/NoSuchMethodError'{0x000000008b895128}: 'java.lang.Object java.lang.invoke.DirectMethodHandle$Holder.invokeStaticInit(java.lang.Object, java.lang.Object, java.lang.Object, java.lang.Object, java.lang.Object, java.lang.Object)'> (0x000000008b895128) 
thrown [t:\workspace\open\src\hotspot\share\interpreter\linkResolver.cpp, line 790]
Event: 4331.948 Thread 0x0000020362d680a0 Implicit null exception at 0x000002034f100597 to 0x000002034f100858
Event: 4332.154 Thread 0x0000020362d69b30 Implicit null exception at 0x000002034f11902f to 0x000002034f11934c
Event: 4332.154 Thread 0x0000020362d6d050 Implicit null exception at 0x000002034f11902f to 0x000002034f11934c
Event: 4332.154 Thread 0x0000020362d695e0 Implicit null exception at 0x000002034f11902f to 0x000002034f11934c

Events (20 events):
Event: 4341.384 Executing  VM operation: G1CollectForAllocation
Event: 4341.387 Executing  VM operation: G1CollectForAllocation done
Event: 4342.736 Executing  VM operation: G1CollectForAllocation
Event: 4342.739 Executing  VM operation: G1CollectForAllocation done
Event: 4343.175 Thread 0x000002035ea05310 Thread added: 0x000002035ea05310
Event: 4343.739 Executing  VM operation: Cleanup
Event: 4343.740 Executing  VM operation: Cleanup done
Event: 4344.542 Executing  VM operation: G1CollectForAllocation
Event: 4344.546 Executing  VM operation: G1CollectForAllocation done
Event: 4345.085 Executing  VM operation: HandshakeAllThreads
Event: 4345.085 Executing  VM operation: HandshakeAllThreads done
Event: 4345.090 Thread 0x000002035d9e2bd0 flushing nmethod 0x0000020347870010
Event: 4345.102 Thread 0x000002035d9e2bd0 flushing nmethod 0x0000020348123290
Event: 4346.084 Executing  VM operation: Cleanup
Event: 4346.084 Executing  VM operation: Cleanup done
Event: 4346.847 Thread 0x000002035ea05310 Thread exited: 0x000002035ea05310
Event: 4347.085 Executing  VM operation: Cleanup
Event: 4347.085 Executing  VM operation: Cleanup done
Event: 4347.153 Executing  VM operation: G1CollectForAllocation
Event: 4347.157 Executing  VM operation: G1CollectForAllocation done


Dynamic libraries:
0x00007ff705f90000 - 0x00007ff705fa0000 	C:\Program Files\Java\jdk-16.0.2\bin\java.exe
0x00007ffeaedb0000 - 0x00007ffeaefa5000 	C:\Windows\SYSTEM32\ntdll.dll
0x00007ffead330000 - 0x00007ffead3ee000 	C:\Windows\System32\KERNEL32.DLL
0x00007ffeac680000 - 0x00007ffeac948000 	C:\Windows\System32\KERNELBASE.dll
0x00007ffeacad0000 - 0x00007ffeacbd0000 	C:\Windows\System32\ucrtbase.dll
0x00007ffea53b0000 - 0x00007ffea53c9000 	C:\Program Files\Java\jdk-16.0.2\bin\VCRUNTIME140.dll
0x00007ffea81d0000 - 0x00007ffea81e8000 	C:\Program Files\Java\jdk-16.0.2\bin\jli.dll
0x00007ffead420000 - 0x00007ffead4ce000 	C:\Windows\System32\ADVAPI32.dll
0x00007ffeade10000 - 0x00007ffeadeae000 	C:\Windows\System32\msvcrt.dll
0x00007ffead0b0000 - 0x00007ffead14c000 	C:\Windows\System32\sechost.dll
0x00007ffeaceb0000 - 0x00007ffeacfd5000 	C:\Windows\System32\RPCRT4.dll
0x00007ffead4d0000 - 0x00007ffead670000 	C:\Windows\System32\USER32.dll
0x00007ffeac950000 - 0x00007ffeac972000 	C:\Windows\System32\win32u.dll
0x00007ffead3f0000 - 0x00007ffead41a000 	C:\Windows\System32\GDI32.dll
0x00007ffeac570000 - 0x00007ffeac67b000 	C:\Windows\System32\gdi32full.dll
0x00007ffe994b0000 - 0x00007ffe9974a000 	C:\Windows\WinSxS\amd64_microsoft.windows.common-controls_6595b64144ccf1df_6.0.19041.1110_none_60b5254171f9507e\COMCTL32.dll
0x00007ffeac4d0000 - 0x00007ffeac56d000 	C:\Windows\System32\msvcp_win.dll
0x00007ffea5f00000 - 0x00007ffea5f0a000 	C:\Windows\SYSTEM32\VERSION.dll
0x00007ffeace20000 - 0x00007ffeace50000 	C:\Windows\System32\IMM32.DLL
0x00007ffea7f80000 - 0x00007ffea7f8c000 	C:\Program Files\Java\jdk-16.0.2\bin\vcruntime140_1.dll
0x00007ffe95dd0000 - 0x00007ffe95e61000 	C:\Program Files\Java\jdk-16.0.2\bin\msvcp140.dll
0x00007ffe6a7b0000 - 0x00007ffe6b35b000 	C:\Program Files\Java\jdk-16.0.2\bin\server\jvm.dll
0x00007ffea2b60000 - 0x00007ffea2b87000 	C:\Windows\SYSTEM32\WINMM.dll
0x00007ffe92450000 - 0x00007ffe92459000 	C:\Windows\SYSTEM32\WSOCK32.dll
0x00007ffeaec20000 - 0x00007ffeaec28000 	C:\Windows\System32\PSAPI.DLL
0x00007ffeadda0000 - 0x00007ffeade0b000 	C:\Windows\System32\WS2_32.dll
0x00007ffeaa3f0000 - 0x00007ffeaa402000 	C:\Windows\SYSTEM32\kernel.appcore.dll
0x00007ffea7f60000 - 0x00007ffea7f6a000 	C:\Program Files\Java\jdk-16.0.2\bin\jimage.dll
0x00007ffea2e70000 - 0x00007ffea3054000 	C:\Windows\SYSTEM32\DBGHELP.DLL
0x00007ffe9b240000 - 0x00007ffe9b26c000 	C:\Windows\SYSTEM32\dbgcore.DLL
0x00007ffeac9f0000 - 0x00007ffeaca72000 	C:\Windows\System32\bcryptPrimitives.dll
0x00007ffea7280000 - 0x00007ffea728e000 	C:\Program Files\Java\jdk-16.0.2\bin\instrument.dll
0x00007ffea5250000 - 0x00007ffea5275000 	C:\Program Files\Java\jdk-16.0.2\bin\java.dll
0x00007ffeaded0000 - 0x00007ffeae614000 	C:\Windows\System32\SHELL32.dll
0x00007ffeaa5f0000 - 0x00007ffeaad84000 	C:\Windows\SYSTEM32\windows.storage.dll
0x00007ffeae710000 - 0x00007ffeaea64000 	C:\Windows\System32\combase.dll
0x00007ffeabed0000 - 0x00007ffeabefc000 	C:\Windows\SYSTEM32\Wldp.dll
0x00007ffead670000 - 0x00007ffead71d000 	C:\Windows\System32\SHCORE.dll
0x00007ffeadd40000 - 0x00007ffeadd95000 	C:\Windows\System32\shlwapi.dll
0x00007ffeac410000 - 0x00007ffeac42f000 	C:\Windows\SYSTEM32\profapi.dll
0x00007ffea4f30000 - 0x00007ffea4f48000 	C:\Program Files\Java\jdk-16.0.2\bin\zip.dll
0x00007ffea5390000 - 0x00007ffea53a9000 	C:\Program Files\Java\jdk-16.0.2\bin\net.dll
0x00007ffea0a80000 - 0x00007ffea0b8a000 	C:\Windows\SYSTEM32\WINHTTP.dll
0x00007ffeabbd0000 - 0x00007ffeabc3a000 	C:\Windows\system32\mswsock.dll
0x00007ffea5140000 - 0x00007ffea5153000 	C:\Program Files\Java\jdk-16.0.2\bin\nio.dll
0x00007ffea4e80000 - 0x00007ffea4e9a000 	C:\Program Files\IDEs\ideaIC-2021.1.3\bin\breakgen64.dll
0x00007ffea5340000 - 0x00007ffea5350000 	C:\Program Files\Java\jdk-16.0.2\bin\verify.dll
0x00007ffea5300000 - 0x00007ffea5309000 	C:\Program Files\Java\jdk-16.0.2\bin\management.dll
0x00007ffea5190000 - 0x00007ffea519b000 	C:\Program Files\Java\jdk-16.0.2\bin\management_ext.dll
0x00007ffe81a80000 - 0x00007ffe81a97000 	C:\Windows\system32\napinsp.dll
0x00007ffe81a60000 - 0x00007ffe81a7b000 	C:\Windows\system32\pnrpnsp.dll
0x00007ffe874b0000 - 0x00007ffe874c5000 	C:\Windows\system32\wshbth.dll
0x00007ffea7ea0000 - 0x00007ffea7ebd000 	C:\Windows\system32\NLAapi.dll
0x00007ffeab8c0000 - 0x00007ffeab8fb000 	C:\Windows\SYSTEM32\IPHLPAPI.DLL
0x00007ffeab900000 - 0x00007ffeab9cb000 	C:\Windows\SYSTEM32\DNSAPI.dll
0x00007ffeace10000 - 0x00007ffeace18000 	C:\Windows\System32\NSI.dll
0x00007ffe81a40000 - 0x00007ffe81a52000 	C:\Windows\System32\winrnr.dll
0x00007ffe9e160000 - 0x00007ffe9e16a000 	C:\Windows\System32\rasadhlp.dll
0x00007ffe9c2f0000 - 0x00007ffe9c36f000 	C:\Windows\System32\fwpuclnt.dll
0x00007ffeacde0000 - 0x00007ffeace07000 	C:\Windows\System32\bcrypt.dll
0x00007ffeabe20000 - 0x00007ffeabe38000 	C:\Windows\SYSTEM32\CRYPTSP.dll
0x00007ffeab550000 - 0x00007ffeab584000 	C:\Windows\system32\rsaenh.dll
0x00007ffeac390000 - 0x00007ffeac3be000 	C:\Windows\SYSTEM32\USERENV.dll
0x00007ffeabe40000 - 0x00007ffeabe4c000 	C:\Windows\SYSTEM32\CRYPTBASE.dll
0x00007ffea57e0000 - 0x00007ffea57f7000 	C:\Windows\SYSTEM32\dhcpcsvc6.DLL
0x00007ffea59b0000 - 0x00007ffea59cd000 	C:\Windows\SYSTEM32\dhcpcsvc.DLL
0x00007ffea5130000 - 0x00007ffea513e000 	C:\Program Files\Java\jdk-16.0.2\bin\sunmscapi.dll
0x00007ffeacbd0000 - 0x00007ffeacd26000 	C:\Windows\System32\CRYPT32.dll
0x00007ffeabf40000 - 0x00007ffeabf67000 	C:\Windows\SYSTEM32\ncrypt.dll
0x00007ffeabf00000 - 0x00007ffeabf3b000 	C:\Windows\SYSTEM32\NTASN1.dll
0x00007ffea5010000 - 0x00007ffea5017000 	C:\Windows\system32\wshunix.dll

dbghelp: loaded successfully - version: 4.0.5 - missing functions: none
symbol engine: initialized successfully - sym options: 0x614 - pdb path: .;C:\Program Files\Java\jdk-16.0.2\bin;C:\Windows\SYSTEM32;C:\Windows\WinSxS\amd64_microsoft.windows.common-controls_6595b64144ccf1df_6.0.19041.1110_none_60b5254171f9507e;C:\Program Files\Java\jdk-16.0.2\bin\server;C:\Program Files\IDEs\ideaIC-2021.1.3\bin

VM Arguments:
jvm_args: -javaagent:C:\Program Files\IDEs\ideaIC-2021.1.3\lib\idea_rt.jar=64024:C:\Program Files\IDEs\ideaIC-2021.1.3\bin -Dfile.encoding=UTF-8 
java_command: com.majorProject.HonestExam.HonestExamApplication
java_class_path (initial): C:\Users\Deen\Desktop\MajorSource\HonestExam\target\classes;C:\Users\Deen\.m2\repository\org\springframework\boot\spring-boot-starter-data-jpa\2.6.6\spring-boot-starter-data-jpa-2.6.6.jar;C:\Users\Deen\.m2\repository\org\springframework\boot\spring-boot-starter-aop\2.6.6\spring-boot-starter-aop-2.6.6.jar;C:\Users\Deen\.m2\repository\org\springframework\spring-aop\5.3.18\spring-aop-5.3.18.jar;C:\Users\Deen\.m2\repository\org\aspectj\aspectjweaver\1.9.7\aspectjweaver-1.9.7.jar;C:\Users\Deen\.m2\repository\org\springframework\boot\spring-boot-starter-jdbc\2.6.6\spring-boot-starter-jdbc-2.6.6.jar;C:\Users\Deen\.m2\repository\com\zaxxer\HikariCP\4.0.3\HikariCP-4.0.3.jar;C:\Users\Deen\.m2\repository\org\springframework\spring-jdbc\5.3.18\spring-jdbc-5.3.18.jar;C:\Users\Deen\.m2\repository\jakarta\transaction\jakarta.transaction-api\1.3.3\jakarta.transaction-api-1.3.3.jar;C:\Users\Deen\.m2\repository\jakarta\persistence\jakarta.persistence-api\2.2.3\jakarta.persistence-api-2.2.3.jar;C:\Users\Deen\.m2\repository\org\hibernate\hibernate-core\5.6.7.Final\hibernate-core-5.6.7.Final.jar;C:\Users\Deen\.m2\repository\org\jboss\logging\jboss-logging\3.4.3.Final\jboss-logging-3.4.3.Final.jar;C:\Users\Deen\.m2\repository\net\bytebuddy\byte-buddy\1.11.22\byte-buddy-1.11.22.jar;C:\Users\Deen\.m2\repository\antlr\antlr\2.7.7\antlr-2.7.7.jar;C:\Users\Deen\.m2\repository\org\jboss\jandex\2.4.2.Final\jandex-2.4.2.Final.jar;C:\Users\Deen\.m2\repository\com\fasterxml\classmate\1.5.1\classmate-1.5.1.jar;C:\Users\Deen\.m2\repository\org\hibernate\common\hibernate-commons-annotations\5.1.2.Final\hibernate-commons-annotations-5.1.2.Final.jar;C:\Users\Deen\.m2\repository\org\glassfish\jaxb\jaxb-runtime\2.3.6\jaxb-runtime-2.3.6.jar;C:\Users\Deen\.m2\repository\org\glassfish\jaxb\txw2\2.3.6\txw2-2.3.6.jar;C:\Users\Deen\.m2\repository\com\sun\istack\istack-commons-runtime\3.0.12\istack-commons-runtime-3.0.12.jar;C:\Users\Deen\.m2\repository\com\sun\activation\jakarta.ac
Launcher Type: SUN_STANDARD

[Global flags]
     intx CICompilerCount                          = 4                                         {product} {ergonomic}
     uint ConcGCThreads                            = 3                                         {product} {ergonomic}
     uint G1ConcRefinementThreads                  = 10                                        {product} {ergonomic}
   size_t G1HeapRegionSize                         = 1048576                                   {product} {ergonomic}
    uintx GCDrainStackTargetSize                   = 64                                        {product} {ergonomic}
   size_t InitialHeapSize                          = 125829120                                 {product} {ergonomic}
   size_t MarkStackSize                            = 4194304                                   {product} {ergonomic}
   size_t MaxHeapSize                              = 1992294400                                {product} {ergonomic}
   size_t MaxNewSize                               = 1195376640                                {product} {ergonomic}
   size_t MinHeapDeltaBytes                        = 1048576                                   {product} {ergonomic}
   size_t MinHeapSize                              = 8388608                                   {product} {ergonomic}
    uintx NonNMethodCodeHeapSize                   = 5839372                                {pd product} {ergonomic}
    uintx NonProfiledCodeHeapSize                  = 122909434                              {pd product} {ergonomic}
    uintx ProfiledCodeHeapSize                     = 122909434                              {pd product} {ergonomic}
    uintx ReservedCodeCacheSize                    = 251658240                              {pd product} {ergonomic}
     bool SegmentedCodeCache                       = true                                      {product} {ergonomic}
   size_t SoftMaxHeapSize                          = 1992294400                             {manageable} {ergonomic}
     bool UseCompressedClassPointers               = true                           {product lp64_product} {ergonomic}
     bool UseCompressedOops                        = true                           {product lp64_product} {ergonomic}
     bool UseG1GC                                  = true                                      {product} {ergonomic}
     bool UseLargePagesIndividualAllocation        = false                                  {pd product} {ergonomic}

Logging:
Log output configuration:
 #0: stdout all=warning uptime,level,tags
 #1: stderr all=off uptime,level,tags

Environment Variables:
PATH=C:\Program Files (x86)\VMware\VMware Workstation\bin\;C:\Program Files\Python310\Scripts\;C:\Program Files\Python310\;c:\program files\common files\oracle\java\javapath;c:\windows\system32;c:\windows;c:\windows\system32\wbem;c:\windows\system32\windowspowershell\v1.0\;c:\windows\system32\openssh\;c:\program files\nvidia corporation\nvidia nvdlisr;c:\program files\c compiler\bin;c:\program files\nodejs\;c:\program files\git\cmd;C:\Program Files (x86)\NVIDIA Corporation\PhysX\Common;C:\Program Files\dotnet\;C:\Program Files\MySQL\MySQL Shell 8.0\bin\;C:\Users\Deen\AppData\Local\Microsoft\WindowsApps;C:\Users\Deen\AppData\Roaming\npm;C:\Users\Deen\AppData\Local\Programs\Microsoft VS Code\bin;C:\Users\Deen\AppData\Local\Programs\VS Code\bin;C:\adb;C:\Program Files\Git\cmd;C:\Users\Deen\AppData\Local\Microsoft\WindowsApps;;C:\Users\Deen\AppData\Roaming\npm;C:\Users\Deen\AppData\Local\Programs\Microsoft VS Code\bin;C:\Users\Deen\AppData\Local\Programs\VS Code\bin
USERNAME=Deen
OS=Windows_NT
PROCESSOR_IDENTIFIER=AMD64 Family 23 Model 96 Stepping 1, AuthenticAMD



---------------  S Y S T E M  ---------------

OS:
 Windows 10 , 64 bit Build 19041 (10.0.19041.1566)
OS uptime: 1 days 3:48 hours

CPU: total 12 (initial active 12) (12 cores per cpu, 2 threads per core) family 23 model 96 stepping 1 microcode 0x0, cx8, cmov, fxsr, ht, mmx, 3dnowpref, sse, sse2, sse3, ssse3, sse4a, sse4.1, sse4.2, popcnt, lzcnt, tsc, tscinvbit, avx, avx2, aes, clmul, bmi1, bmi2, adx, sha, fma, vzeroupper, clflush, clflushopt

Memory: 4k page, system-wide physical 7599M (398M free)
TotalPageFile size 31151M (AvailPageFile size 3M)
current process WorkingSet (physical memory assigned to process): 185M, peak: 267M
current process commit charge ("private bytes"): 280M, peak: 311M

vm_info: Java HotSpot(TM) 64-Bit Server VM (16.0.2+7-67) for windows-amd64 JRE (16.0.2+7-67), built on Jun  8 2021 23:24:19 by "mach5one" with MS VC++ 16.7 (VS2019)

END.
